Build started 29.10.2015 0:52:07.
     1>Project "M:\myGit\templates\solutions\Rozhnova\base-version.vcxproj" on node 2 (build target(s)).
     1>InitializeBuildStatus:
         Creating "Debug\base-version.unsuccessfulbuild" because "AlwaysCreate" was specified.
       ClCompile:
         c:\Program Files (x86)\Microsoft Visual Studio 10.0\VC\bin\CL.exe /c /ZI /nologo /W3 /WX- /Od /Oy- /D WIN32 /D _DEBUG /D _CONSOLE /D _UNICODE /D UNICODE /Gm /EHsc /RTC1 /MDd /GS /fp:precise /Zc:wchar_t /Zc:forScope /Fo"Debug\\" /Fd"Debug\vc100.pdb" /Gd /TP /analyze- /errorReport:prompt src\main.cpp
         main.cpp
       ManifestResourceCompile:
         C:\Program Files (x86)\Microsoft SDKs\Windows\v7.0A\bin\rc.exe /nologo /fo"Debug\base-version.exe.embed.manifest.res" Debug\base-version_manifest.rc 
       Link:
         c:\Program Files (x86)\Microsoft Visual Studio 10.0\VC\bin\link.exe /ERRORREPORT:PROMPT /OUT:"M:\myGit\templates\solutions\Rozhnova\Debug\base-version.exe" /INCREMENTAL /NOLOGO kernel32.lib user32.lib gdi32.lib winspool.lib comdlg32.lib advapi32.lib shell32.lib ole32.lib oleaut32.lib uuid.lib odbc32.lib odbccp32.lib /MANIFEST /ManifestFile:"Debug\base-version.exe.intermediate.manifest" /MANIFESTUAC:"level='asInvoker' uiAccess='false'" /DEBUG /PDB:"M:\myGit\templates\solutions\Rozhnova\Debug\base-version.pdb" /SUBSYSTEM:CONSOLE /TLBID:1 /DYNAMICBASE /NXCOMPAT /IMPLIB:"M:\myGit\templates\solutions\Rozhnova\Debug\base-version.lib" /MACHINE:X86 "Debug\base-version.exe.embed.manifest.res"
         Debug\main.obj
       Manifest:
         C:\Program Files (x86)\Microsoft SDKs\Windows\v7.0A\bin\mt.exe /nologo /verbose /out:"Debug\base-version.exe.embed.manifest" /manifest "Debug\base-version.exe.intermediate.manifest"
         C:\Program Files (x86)\Microsoft SDKs\Windows\v7.0A\bin\rc.exe /nologo /fo"Debug\base-version.exe.embed.manifest.res" Debug\base-version_manifest.rc 
       LinkEmbedManifest:
         c:\Program Files (x86)\Microsoft Visual Studio 10.0\VC\bin\link.exe /ERRORREPORT:PROMPT /OUT:"M:\myGit\templates\solutions\Rozhnova\Debug\base-version.exe" /INCREMENTAL /NOLOGO kernel32.lib user32.lib gdi32.lib winspool.lib comdlg32.lib advapi32.lib shell32.lib ole32.lib oleaut32.lib uuid.lib odbc32.lib odbccp32.lib /MANIFEST /ManifestFile:"Debug\base-version.exe.intermediate.manifest" /MANIFESTUAC:"level='asInvoker' uiAccess='false'" /DEBUG /PDB:"M:\myGit\templates\solutions\Rozhnova\Debug\base-version.pdb" /SUBSYSTEM:CONSOLE /TLBID:1 /DYNAMICBASE /NXCOMPAT /IMPLIB:"M:\myGit\templates\solutions\Rozhnova\Debug\base-version.lib" /MACHINE:X86 "Debug\base-version.exe.embed.manifest.res"
         Debug\main.obj
         base-version.vcxproj -> M:\myGit\templates\solutions\Rozhnova\Debug\base-version.exe
       FinalizeBuildStatus:
         Deleting file "Debug\base-version.unsuccessfulbuild".
         Touching "Debug\base-version.lastbuildstate".
     1>Done Building Project "M:\myGit\templates\solutions\Rozhnova\base-version.vcxproj" (build target(s)).

Build succeeded.

Time Elapsed 00:00:03.04
